Arguments: 
  C:\Program Files\nodejs\node.exe C:\Program Files (x86)\Yarn\bin\yarn.js

PATH: 
  C:\Python27\;C:\Python27\Scripts;C:\WINDOWS\system32;C:\WINDOWS;C:\WINDOWS\System32\Wbem;C:\WINDOWS\System32\WindowsPowerShell\v1.0\;C:\WINDOWS\System32\OpenSSH\;C:\Program Files\Git\cmd;C:\src\flutter\bin;C:\Users\User\AppData\Local\Android\Sdk\platform-tools;C:\Program Files\nodejs\;C:\ProgramData\chocolatey\bin;C:\Program Files (x86)\Yarn\bin\;C:\Users\Bruno Costa\AppData\Local\Microsoft\WindowsApps;;C:\Users\Bruno Costa\AppData\Local\hyper\app-3.0.2\resources\bin;C:\Users\Bruno Costa\AppData\Local\Programs\Microsoft VS Code\bin;C:\Users\Bruno Costa\AppData\Roaming\npm;C:\Users\Bruno Costa\AppData\Local\Yarn\bin

Yarn version: 
  1.19.1

Node version: 
  12.13.0

Platform: 
  win32 x64

Trace: 
  Error: connect ETIMEDOUT 104.16.18.35:443
      at TCPConnectWrap.afterConnect [as oncomplete] (net.js:1128:14)

npm manifest: 
  {
    "name": "VRMicroGateway",
    "description": "Express Gateway Instance Bootstraped from Command Line",
    "repository": {},
    "license": "UNLICENSED",
    "version": "1.0.0",
    "main": "server.js",
    "dependencies": {
      "dotenv": "^8.1.0",
      "express-gateway": "^1.16.8"
    },
    "scripts": {
      "start": "node server.js"
    }
    
  }

yarn manifest: 
  No manifest

Lockfile: 
  No lockfile
